2025-09-06 16:31:15,339 - INFO - load_config:136 - Loaded 13 feed configurations
2025-09-06 16:31:24,348 - INFO - load_config:136 - Loaded 1 feed configurations
2025-09-06 16:31:24,349 - ERROR - load_config:140 - Config file config.json not found
2025-09-06 16:31:24,354 - ERROR - load_config:143 - Invalid JSON in config.json: Expecting value: line 1 column 1 (char 0)
2025-09-06 16:31:24,358 - INFO - cleanup_old_jobs:124 - Cleaned up 2 old job entries
2025-09-06 16:31:24,359 - INFO - load_seen_jobs:166 - Loaded 0 seen job entries
2025-09-06 16:31:24,387 - INFO - load_seen_jobs:160 - Converting legacy seen_jobs format to timestamped format
2025-09-06 16:31:24,387 - INFO - load_seen_jobs:166 - Loaded 2 seen job entries
2025-09-06 16:31:24,389 - INFO - cleanup_old_jobs:124 - Cleaned up 1 old job entries
2025-09-06 16:31:24,392 - WARNING - fetch_feed_async:209 - Error fetching Test Feed (attempt 1): object str can't be used in 'await' expression
2025-09-06 16:31:26,394 - WARNING - fetch_feed_async:209 - Error fetching Test Feed (attempt 2): object str can't be used in 'await' expression
2025-09-06 16:31:30,399 - WARNING - fetch_feed_async:209 - Error fetching Test Feed (attempt 3): object str can't be used in 'await' expression
2025-09-06 16:31:30,400 - ERROR - fetch_feed_async:214 - Failed to fetch Test Feed after 3 attempts
2025-09-06 16:31:30,423 - WARNING - fetch_feed_async:207 - Timeout for Test Feed (attempt 1)
2025-09-06 16:31:32,426 - WARNING - fetch_feed_async:207 - Timeout for Test Feed (attempt 2)
2025-09-06 16:31:36,431 - WARNING - fetch_feed_async:207 - Timeout for Test Feed (attempt 3)
2025-09-06 16:31:36,431 - ERROR - fetch_feed_async:214 - Failed to fetch Test Feed after 3 attempts
2025-09-06 16:31:36,436 - INFO - send_discord_notification:284 - Successfully sent jobs 1-1 notification to Discord.
2025-09-06 16:31:36,440 - WARNING - send_discord_notification:220 - DISCORD_WEBHOOK_URL not set. Skipping notification.
2025-09-06 16:32:17,485 - INFO - load_config:136 - Loaded 1 feed configurations
2025-09-06 16:32:17,487 - ERROR - load_config:140 - Config file config.json not found
2025-09-06 16:32:17,490 - ERROR - load_config:143 - Invalid JSON in config.json: Expecting value: line 1 column 1 (char 0)
2025-09-06 16:32:17,494 - INFO - load_seen_jobs:166 - Loaded 2 seen job entries
2025-09-06 16:32:17,498 - INFO - load_seen_jobs:160 - Converting legacy seen_jobs format to timestamped format
2025-09-06 16:32:17,498 - INFO - load_seen_jobs:166 - Loaded 2 seen job entries
2025-09-06 16:32:17,500 - INFO - cleanup_old_jobs:124 - Cleaned up 1 old job entries
2025-09-06 16:32:17,506 - INFO - fetch_feed_async:201 - Successfully fetched Test Feed (attempt 1)
2025-09-06 16:32:17,510 - WARNING - fetch_feed_async:207 - Timeout for Test Feed (attempt 1)
2025-09-06 16:32:19,511 - WARNING - fetch_feed_async:207 - Timeout for Test Feed (attempt 2)
2025-09-06 16:32:23,515 - WARNING - fetch_feed_async:207 - Timeout for Test Feed (attempt 3)
2025-09-06 16:32:23,515 - ERROR - fetch_feed_async:214 - Failed to fetch Test Feed after 3 attempts
2025-09-06 16:32:23,517 - INFO - send_discord_notification:284 - Successfully sent jobs 1-1 notification to Discord.
2025-09-06 16:32:23,518 - WARNING - send_discord_notification:220 - DISCORD_WEBHOOK_URL not set. Skipping notification.
2025-09-06 16:33:02,997 - INFO - load_config:137 - Loaded 13 feed configurations
2025-09-06 16:33:02,997 - INFO - cleanup_old_jobs:125 - Cleaned up 1 old job entries
